<?xml version="1.0" encoding="UTF-8"?>
<!-- Generated by org.testng.reporters.JUnitXMLReporter -->
<testsuite ignored="0" hostname="DESKTOP-51G5M55" failures="3" tests="4" name="Test" time="44.153" errors="0" timestamp="2023-02-20T17:08:43 IST">
  <testcase classname="TestCases.verifyLogin" name="login" time="0.767">
    <failure type="java.lang.AssertionError" message="The following asserts failed:
	Error message is not matching expected [Please check your usrname and password. If you still can&amp;apos;t log in, contact your Salesforce administrator.] but found [Please check your username and password. If you still can&amp;apos;t log in, contact your Salesforce administrator.]">
      <![CDATA[java.lang.AssertionError: The following asserts failed:
Error message is not matching expected [Please check your usrname and password. If you still can't log in, contact your Salesforce administrator.] but found [Please check your username and password. If you still can't log in, contact your Salesforce administrator.]
at TestCases.verifyLogin.login(verifyLogin.java:34)
at java.base/java.util.ArrayList.forEach(ArrayList.java:1511)
... Removed 29 stack frames]]>
    </failure>
  </testcase> <!-- login -->
  <testcase classname="TestCases.verifyLogin" name="login" time="0.727">
    <failure type="java.lang.AssertionError" message="The following asserts failed:
	Error message is not matching expected [Please check your usrname and password. If you still can&amp;apos;t log in, contact your Salesforce administrator.] but found [Please check your username and password. If you still can&amp;apos;t log in, contact your Salesforce administrator.]">
      <![CDATA[java.lang.AssertionError: The following asserts failed:
Error message is not matching expected [Please check your usrname and password. If you still can't log in, contact your Salesforce administrator.] but found [Please check your username and password. If you still can't log in, contact your Salesforce administrator.]
at TestCases.verifyLogin.login(verifyLogin.java:34)
at java.base/java.util.ArrayList.forEach(ArrayList.java:1511)
... Removed 29 stack frames]]>
    </failure>
  </testcase> <!-- login -->
  <testcase classname="TestCases.verifyLogin" name="login" time="0.799">
    <failure type="java.lang.AssertionError" message="The following asserts failed:
	Error message is not matching expected [Please check your usrname and password. If you still can&amp;apos;t log in, contact your Salesforce administrator.] but found [Please check your username and password. If you still can&amp;apos;t log in, contact your Salesforce administrator.]">
      <![CDATA[java.lang.AssertionError: The following asserts failed:
Error message is not matching expected [Please check your usrname and password. If you still can't log in, contact your Salesforce administrator.] but found [Please check your username and password. If you still can't log in, contact your Salesforce administrator.]
at TestCases.verifyLogin.login(verifyLogin.java:34)
at java.base/java.util.ArrayList.forEach(ArrayList.java:1511)
... Removed 29 stack frames]]>
    </failure>
  </testcase> <!-- login -->
  <testcase classname="TestCases.verifySignup" name="signup" time="11.572"/>
</testsuite> <!-- Test -->
